flatpak: error while loading shared libraries: libssl.so.10: cannot open shared object file: No such file or directory
Lmod has detected the following error: The following module(s) are unknown:
"slurm"

Please check the spelling or version number. Also try "module spider ..."
It is also possible your cache file is out-of-date; it may help to try:
  $ module --ignore_cache load "slurm"

Also make sure that all modulefiles written in TCL start with the string
#%Module



/home/akshatat/.conda/envs/mech_interp_gpu/lib/python3.10/site-packages/transformers/utils/hub.py:110: FutureWarning: Using `TRANSFORMERS_CACHE` is deprecated and will be removed in v5 of Transformers. Use `HF_HOME` instead.
  warnings.warn(
`torch_dtype` is deprecated! Use `dtype` instead!
The following generation flags are not valid and may be ignored: ['temperature', 'top_p', 'top_k']. Set `TRANSFORMERS_VERBOSITY=info` for more details.
Layers:   0%|          | 0/4 [00:00<?, ?it/s]Layers:  25%|██▌       | 1/4 [00:27<01:22, 27.33s/it]Layers:  50%|█████     | 2/4 [00:54<00:54, 27.22s/it]Layers:  75%|███████▌  | 3/4 [01:21<00:27, 27.25s/it]Layers: 100%|██████████| 4/4 [01:49<00:00, 27.29s/it]Layers: 100%|██████████| 4/4 [01:49<00:00, 27.28s/it]
Traceback (most recent call last):
  File "/orcd/home/002/akshatat/uncertainty_routing/run_complete_pipeline.py", line 202, in <module>
    main()
  File "/orcd/home/002/akshatat/uncertainty_routing/run_complete_pipeline.py", line 146, in main
    exp3_summary = exp3.analyze(exp3_df)
  File "/orcd/home/002/akshatat/uncertainty_routing/experiment3_4_steering_independence.py", line 377, in analyze
    self.plot_results(df, change_summary)
TypeError: Experiment3.plot_results() missing 1 required positional argument: 'shift_summary'
