flatpak: error while loading shared libraries: libssl.so.10: cannot open shared object file: No such file or directory
Lmod has detected the following error: The following module(s) are unknown:
"slurm"

Please check the spelling or version number. Also try "module spider ..."
It is also possible your cache file is out-of-date; it may help to try:
  $ module --ignore_cache load "slurm"

Also make sure that all modulefiles written in TCL start with the string
#%Module



/home/akshatat/.conda/envs/mech_interp_gpu/lib/python3.10/site-packages/transformers/utils/hub.py:110: FutureWarning: Using `TRANSFORMERS_CACHE` is deprecated and will be removed in v5 of Transformers. Use `HF_HOME` instead.
  warnings.warn(
`torch_dtype` is deprecated! Use `dtype` instead!
The following generation flags are not valid and may be ignored: ['temperature', 'top_p', 'top_k']. Set `TRANSFORMERS_VERBOSITY=info` for more details.
Layers:   0%|          | 0/4 [00:00<?, ?it/s]Layers:  25%|██▌       | 1/4 [00:26<01:20, 26.81s/it]Layers:  50%|█████     | 2/4 [00:53<00:53, 26.76s/it]Layers:  75%|███████▌  | 3/4 [01:20<00:26, 26.71s/it]Layers: 100%|██████████| 4/4 [01:46<00:00, 26.65s/it]Layers: 100%|██████████| 4/4 [01:46<00:00, 26.69s/it]
/orcd/home/002/akshatat/uncertainty_routing/experiment3_4_steering_independence.py:458: FutureWarning: 

Passing `palette` without assigning `hue` is deprecated and will be removed in v0.14.0. Assign the `x` variable to `hue` and set `legend=False` for the same effect.

  sns.violinplot(data=max_eps_data, x='layer', y='delta_margin',
Questions:   0%|          | 0/10 [00:00<?, ?it/s]Questions:  40%|████      | 4/10 [00:00<00:00, 36.99it/s]Questions: 100%|██████████| 10/10 [00:00<00:00, 57.21it/s]
Steering tests:   0%|          | 0/10 [00:00<?, ?it/s]Steering tests:  50%|█████     | 5/10 [00:00<00:00, 43.76it/s]Steering tests: 100%|██████████| 10/10 [00:00<00:00, 43.99it/s]Steering tests: 100%|██████████| 10/10 [00:00<00:00, 43.94it/s]
Traceback (most recent call last):
  File "/orcd/home/002/akshatat/uncertainty_routing/run_complete_pipeline.py", line 206, in <module>
    main()
  File "/orcd/home/002/akshatat/uncertainty_routing/run_complete_pipeline.py", line 161, in main
    exp4_summary = exp4.analyze(exp4_df)
AttributeError: 'Experiment4' object has no attribute 'analyze'
